app/build/outputs/logs/manifest-merger-release-report.txt
-- Merging decision tree log ---
manifest
ADDED from src\main\AndroidManifest.xml:17:1-222:12
	package
		ADDED from src\main\AndroidManifest.xml:18:5-37
		INJECTED from src\main\AndroidManifest.xml
		INJECTED from src\main\AndroidManifest.xml
	android:versionName
		ADDED from src\main\AndroidManifest.xml:20:5-30
		INJECTED from src\main\AndroidManifest.xml
		INJECTED from src\main\AndroidManifest.xml
	android:versionCode
		ADDED from src\main\AndroidManifest.xml:19:5-28
		INJECTED from src\main\AndroidManifest.xml
		INJECTED from src\main\AndroidManifest.xml
	xmlns:android
		ADDED from src\main\AndroidManifest.xml:17:11-69
uses-sdk
ADDED from src\main\AndroidManifest.xml:22:5-24:41
MERGED from [com.android.support:appcompat-v7:25.0.1] AndroidManifest.xml:21:5-23:78
MERGED from [com.android.support:support-v4:25.0.1] AndroidManifest.xml:21:5-23:54
MERGED from [com.android.support:support-fragment:25.0.1] AndroidManifest.xml:21:5-23:60
MERGED from [com.android.support:support-media-compat:25.0.1] AndroidManifest.xml:21:5-23:63
MERGED from [com.android.support:animated-vector-drawable:25.0.1] AndroidManifest.xml:20:5-44
MERGED from [com.android.support:support-vector-drawable:25.0.1] AndroidManifest.xml:21:5-43
MERGED from [com.android.support:cardview-v7:25.0.1] AndroidManifest.xml:20:5-43
MERGED from [com.android.support:recyclerview-v7:25.0.1] AndroidManifest.xml:20:5-43
MERGED from [com.android.support:support-core-ui:25.0.1] AndroidManifest.xml:21:5-23:58
MERGED from [com.android.support:palette-v7:25.0.1] AndroidManifest.xml:20:5-43
MERGED from [com.android.support:support-core-utils:25.0.1] AndroidManifest.xml:21:5-23:61
MERGED from [com.android.support:support-compat:25.0.1] AndroidManifest.xml:21:5-23:58
	tools:overrideLibrary
		ADDED from [com.android.support:appcompat-v7:25.0.1] AndroidManifest.xml:23:9-75
	android:targetSdkVersion
		ADDED from src\main\AndroidManifest.xml:24:9-38
		INJECTED from src\main\AndroidManifest.xml
		INJECTED from src\main\AndroidManifest.xml
	android:minSdkVersion
		ADDED from src\main\AndroidManifest.xml:23:9-35
		INJECTED from src\main\AndroidManifest.xml
		INJECTED from src\main\AndroidManifest.xml
uses-permission#android.permission.WRITE_EXTERNAL_STORAGE
ADDED from src\main\AndroidManifest.xml:27:5-81
	android:name
		ADDED from src\main\AndroidManifest.xml:27:22-78
uses-permission#android.permission.ACCESS_NETWORK_STATE
ADDED from src\main\AndroidManifest.xml:29:5-79
	android:name
		ADDED from src\main\AndroidManifest.xml:29:22-76
uses-permission#android.permission.INTERNET
ADDED from src\main\AndroidManifest.xml:31:5-67
	android:name
		ADDED from src\main\AndroidManifest.xml:31:22-64
uses-permission#android.permission.WAKE_LOCK
ADDED from src\main\AndroidManifest.xml:33:5-68
	android:name
		ADDED from src\main\AndroidManifest.xml:33:22-65
uses-permission#android.permission.BROADCAST_STICKY
ADDED from src\main\AndroidManifest.xml:35:5-75
	android:name
		ADDED from src\main\AndroidManifest.xml:35:22-72
uses-permission#android.permission.READ_PHONE_STATE
ADDED from src\main\AndroidManifest.xml:37:5-75
	android:name
		ADDED from src\main\AndroidManifest.xml:37:22-72
uses-permission#android.permission.WRITE_SETTINGS
ADDED from src\main\AndroidManifest.xml:39:5-73
	android:name
		ADDED from src\main\AndroidManifest.xml:39:22-70
uses-permission#com.android.launcher.permission.INSTALL_SHORTCUT
ADDED from src\main\AndroidManifest.xml:41:5-88
	android:name
		ADDED from src\main\AndroidManifest.xml:41:22-85
uses-permission#android.permission.REAL_GET_TASKS
ADDED from src\main\AndroidManifest.xml:43:5-73
	android:name
		ADDED from src\main\AndroidManifest.xml:43:22-70
uses-permission#android.permission.READ_EXTERNAL_STORAGE
ADDED from src\main\AndroidManifest.xml:45:5-79
	android:name
		ADDED from src\main\AndroidManifest.xml:45:22-77
uses-permission#android.permission.RECORD_AUDIO
ADDED from src\main\AndroidManifest.xml:48:5-71
	android:name
		ADDED from src\main\AndroidManifest.xml:48:22-68
uses-permission#android.permission.MODIFY_AUDIO_SETTINGS
ADDED from src\main\AndroidManifest.xml:49:5-80
	android:name
		ADDED from src\main\AndroidManifest.xml:49:22-77
uses-feature#android.hardware.sensor.accelerometer
ADDED from src\main\AndroidManifest.xml:52:5-74
	android:name
		ADDED from src\main\AndroidManifest.xml:52:19-71
application
ADDED from src\main\AndroidManifest.xml:54:5-220:19
MERGED from [com.android.support:appcompat-v7:25.0.1] AndroidManifest.xml:25:5-20
MERGED from [com.android.support:support-v4:25.0.1] AndroidManifest.xml:25:5-20
MERGED from [com.android.support:support-fragment:25.0.1] AndroidManifest.xml:25:5-20
MERGED from [com.android.support:support-media-compat:25.0.1] AndroidManifest.xml:25:5-20
MERGED from [com.android.support:animated-vector-drawable:25.0.1] AndroidManifest.xml:22:5-20
MERGED from [com.android.support:support-vector-drawable:25.0.1] AndroidManifest.xml:23:5-20
MERGED from [com.android.support:cardview-v7:25.0.1] AndroidManifest.xml:22:5-20
MERGED from [com.android.support:support-core-ui:25.0.1] AndroidManifest.xml:25:5-20
MERGED from [com.android.support:palette-v7:25.0.1] AndroidManifest.xml:22:5-23:19
MERGED from [com.android.support:support-core-utils:25.0.1] AndroidManifest.xml:25:5-20
MERGED from [com.android.support:support-compat:25.0.1] AndroidManifest.xml:25:5-20
	android:label
		ADDED from src\main\AndroidManifest.xml:60:9-41
	android:hardwareAccelerated
		ADDED from src\main\AndroidManifest.xml:58:9-71
	android:allowTaskReparenting
		ADDED from src\main\AndroidManifest.xml:57:9-44
	android:allowBackup
		ADDED from src\main\AndroidManifest.xml:56:9-35
	android:icon
		ADDED from src\main\AndroidManifest.xml:59:9-50
	android:largeHeap
		ADDED from src\main\AndroidManifest.xml:61:9-51
	android:theme
		ADDED from src\main\AndroidManifest.xml:63:9-44
	android:taskAffinity
		ADDED from src\main\AndroidManifest.xml:62:9-59
	android:name
		ADDED from src\main\AndroidManifest.xml:55:9-64
meta-data#android.app.default_searchable
ADDED from src\main\AndroidManifest.xml:66:9-68:61
	android:value
		ADDED from src\main\AndroidManifest.xml:68:13-58
	android:name
		ADDED from src\main\AndroidManifest.xml:67:13-58
activity#com.cyanogenmod.eleven.ui.activities.HomeActivity
ADDED from src\main\AndroidManifest.xml:70:9-98:20
	android:launchMode
		ADDED from src\main\AndroidManifest.xml:73:13-43
	android:exported
		ADDED from src\main\AndroidManifest.xml:74:13-36
	android:windowSoftInputMode
		ADDED from src\main\AndroidManifest.xml:72:13-52
	android:theme
		ADDED from src\main\AndroidManifest.xml:75:13-66
	android:name
		ADDED from src\main\AndroidManifest.xml:71:13-77
intent-filter#android.intent.action.MAIN+android.intent.action.MUSIC_PLAYER+android.intent.category.APP_MUSIC+android.intent.category.DEFAULT+android.intent.category.LAUNCHER
ADDED from src\main\AndroidManifest.xml:76:13-83:29
action#android.intent.action.MAIN
ADDED from src\main\AndroidManifest.xml:77:17-69
	android:name
		ADDED from src\main\AndroidManifest.xml:77:25-66
action#android.intent.action.MUSIC_PLAYER
ADDED from src\main\AndroidManifest.xml:78:17-77
	android:name
		ADDED from src\main\AndroidManifest.xml:78:25-74
category#android.intent.category.LAUNCHER
ADDED from src\main\AndroidManifest.xml:80:17-77
	android:name
		ADDED from src\main\AndroidManifest.xml:80:27-74
category#android.intent.category.APP_MUSIC
ADDED from src\main\AndroidManifest.xml:81:17-78
	android:name
		ADDED from src\main\AndroidManifest.xml:81:27-75
category#android.intent.category.DEFAULT
ADDED from src\main\AndroidManifest.xml:82:17-76
	android:name
		ADDED from src\main\AndroidManifest.xml:82:27-73
intent-filter#android.intent.action.VIEW+android.intent.category.DEFAULT
ADDED from src\main\AndroidManifest.xml:84:13-92:29
action#android.intent.action.VIEW
ADDED from src\main\AndroidManifest.xml:85:17-69
	android:name
		ADDED from src\main\AndroidManifest.xml:85:25-66
data
ADDED from src\main\AndroidManifest.xml:89:17-76
	android:mimeType
		ADDED from src\main\AndroidManifest.xml:89:23-73
intent-filter#android.intent.category.DEFAULT+com.cyanogenmod.eleven.AUDIO_PLAYER
ADDED from src\main\AndroidManifest.xml:93:13-97:29
action#com.cyanogenmod.eleven.AUDIO_PLAYER
ADDED from src\main\AndroidManifest.xml:94:17-78
	android:name
		ADDED from src\main\AndroidManifest.xml:94:25-75
activity#com.cyanogenmod.eleven.ui.activities.SearchActivity
ADDED from src\main\AndroidManifest.xml:101:9-116:20
	android:exported
		ADDED from src\main\AndroidManifest.xml:104:13-36
	android:windowSoftInputMode
		ADDED from src\main\AndroidManifest.xml:103:13-55
	android:theme
		ADDED from src\main\AndroidManifest.xml:105:13-48
	android:name
		ADDED from src\main\AndroidManifest.xml:102:13-79
intent-filter#android.intent.action.MEDIA_SEARCH+android.intent.action.SEARCH+android.intent.category.DEFAULT
ADDED from src\main\AndroidManifest.xml:106:13-111:29
action#android.intent.action.SEARCH
ADDED from src\main\AndroidManifest.xml:107:17-71
	android:name
		ADDED from src\main\AndroidManifest.xml:107:25-68
action#android.intent.action.MEDIA_SEARCH
ADDED from src\main\AndroidManifest.xml:108:17-77
	android:name
		ADDED from src\main\AndroidManifest.xml:108:25-74
meta-data#android.app.searchable
ADDED from src\main\AndroidManifest.xml:113:13-115:54
	android:resource
		ADDED from src\main\AndroidManifest.xml:115:17-51
	android:name
		ADDED from src\main\AndroidManifest.xml:114:17-54
activity#com.cyanogenmod.eleven.ui.activities.SettingsActivity
ADDED from src\main\AndroidManifest.xml:118:9-120:52
	android:label
		ADDED from src\main\AndroidManifest.xml:120:13-50
	android:name
		ADDED from src\main\AndroidManifest.xml:119:13-81
activity#com.cyanogenmod.eleven.ui.activities.preview.AudioPreviewActivity
ADDED from src\main\AndroidManifest.xml:122:9-162:20
	android:excludeFromRecents
		ADDED from src\main\AndroidManifest.xml:125:13-46
	android:launchMode
		ADDED from src\main\AndroidManifest.xml:124:13-44
	android:theme
		ADDED from src\main\AndroidManifest.xml:127:13-54
	android:taskAffinity
		ADDED from src\main\AndroidManifest.xml:126:13-36
	android:name
		ADDED from src\main\AndroidManifest.xml:123:13-71
intent-filter#android.intent.action.VIEW+android.intent.category.BROWSABLE+android.intent.category.DEFAULT
ADDED from src\main\AndroidManifest.xml:150:13-161:29
category#android.intent.category.BROWSABLE
ADDED from src\main\AndroidManifest.xml:154:17-78
	android:name
		ADDED from src\main\AndroidManifest.xml:154:27-75
receiver#com.cyanogenmod.eleven.appwidgets.AppWidgetSmall
ADDED from src\main\AndroidManifest.xml:164:9-175:20
	android:label
		ADDED from src\main\AndroidManifest.xml:167:13-53
	android:exported
		ADDED from src\main\AndroidManifest.xml:166:13-37
	android:name
		ADDED from src\main\AndroidManifest.xml:165:13-76
intent-filter#android.appwidget.action.APPWIDGET_UPDATE
ADDED from src\main\AndroidManifest.xml:168:13-170:29
action#android.appwidget.action.APPWIDGET_UPDATE
ADDED from src\main\AndroidManifest.xml:169:17-84
	android:name
		ADDED from src\main\AndroidManifest.xml:169:25-81
meta-data#android.appwidget.provider
ADDED from src\main\AndroidManifest.xml:172:13-174:60
	android:resource
		ADDED from src\main\AndroidManifest.xml:174:17-57
	android:name
		ADDED from src\main\AndroidManifest.xml:173:17-58
receiver#com.cyanogenmod.eleven.appwidgets.AppWidgetLarge
ADDED from src\main\AndroidManifest.xml:177:9-188:20
	android:label
		ADDED from src\main\AndroidManifest.xml:180:13-53
	android:exported
		ADDED from src\main\AndroidManifest.xml:179:13-37
	android:name
		ADDED from src\main\AndroidManifest.xml:178:13-76
receiver#com.cyanogenmod.eleven.appwidgets.AppWidgetLargeAlternate
ADDED from src\main\AndroidManifest.xml:190:9-201:20
	android:label
		ADDED from src\main\AndroidManifest.xml:193:13-57
	android:exported
		ADDED from src\main\AndroidManifest.xml:192:13-37
	android:name
		ADDED from src\main\AndroidManifest.xml:191:13-85
receiver#com.cyanogenmod.eleven.MediaButtonIntentReceiver
ADDED from src\main\AndroidManifest.xml:203:9-208:20
	android:name
		ADDED from src\main\AndroidManifest.xml:203:19-82
intent-filter#android.intent.action.MEDIA_BUTTON+android.media.AUDIO_BECOMING_NOISY
ADDED from src\main\AndroidManifest.xml:204:13-207:29
action#android.intent.action.MEDIA_BUTTON
ADDED from src\main\AndroidManifest.xml:205:17-77
	android:name
		ADDED from src\main\AndroidManifest.xml:205:25-74
action#android.media.AUDIO_BECOMING_NOISY
ADDED from src\main\AndroidManifest.xml:206:17-77
	android:name
		ADDED from src\main\AndroidManifest.xml:206:25-74
receiver#com.cyanogenmod.eleven.locale.LocaleChangeReceiver
ADDED from src\main\AndroidManifest.xml:210:9-214:20
	android:name
		ADDED from src\main\AndroidManifest.xml:210:19-62
intent-filter#android.intent.action.LOCALE_CHANGED
ADDED from src\main\AndroidManifest.xml:211:13-213:29
action#android.intent.action.LOCALE_CHANGED
ADDED from src\main\AndroidManifest.xml:212:17-78
	android:name
		ADDED from src\main\AndroidManifest.xml:212:25-76
service#com.cyanogenmod.eleven.MusicPlaybackService
ADDED from src\main\AndroidManifest.xml:216:9-219:39
	android:process
		ADDED from src\main\AndroidManifest.xml:219:13-36
	android:label
		ADDED from src\main\AndroidManifest.xml:218:13-45
	android:name
		ADDED from src\main\AndroidManifest.xml:217:13-71
compatible-screens
ADDED from [Compatible-Screens sub-manifest] AndroidManifest.xml:5:5-6:26